<?xml version="1.0" encoding="UTF-8"?>
<!-- Generated by org.testng.reporters.JUnitReportReporter -->
<testsuite hostname="LAPTOP-QA2FEKA3" failures="0" tests="2" name="com.crm.qa.testcases.ContactsPageTest" time="4.278" errors="0" timestamp="2023-07-19T21:36:12 IST" skipped="0">
  <testcase classname="com.crm.qa.testcases.ContactsPageTest" name="selectSingleContactsTest" time="1.986"/>
  <testcase classname="com.crm.qa.testcases.ContactsPageTest" name="selectMultipleContactsTest" time="2.292"/>
</testsuite> <!-- com.crm.qa.testcases.ContactsPageTest -->
