<?xml version="1.0" encoding="UTF-8"?>
<!-- Generated by org.testng.reporters.JUnitReportReporter -->
<testsuite hostname="LAPTOP-QA2FEKA3" failures="0" tests="3" name="com.crm.qa.testcases.HomePageTest" time="0.333" errors="0" timestamp="2023-07-19T09:41:14 IST" skipped="0">
  <testcase classname="com.crm.qa.testcases.HomePageTest" name="verifyHomePageTitleTest" time="0.013"/>
  <testcase classname="com.crm.qa.testcases.HomePageTest" name="verifyUserNameTest" time="0.070"/>
  <testcase classname="com.crm.qa.testcases.HomePageTest" name="verifyContactsLinkTest" time="0.250"/>
</testsuite> <!-- com.crm.qa.testcases.HomePageTest -->
