<?xml version="1.0" encoding="UTF-8"?>
<!-- Generated by org.testng.reporters.JUnitReportReporter -->
<testsuite hostname="LAPTOP-QA2FEKA3" failures="0" tests="1" name="com.crm.qa.testcases.FreeCrmTest" time="20.412" errors="0" timestamp="2023-07-19T09:34:46 IST" skipped="0">
  <testcase classname="com.crm.qa.testcases.FreeCrmTest" name="freeCrmTitleTest" time="20.412"/>
</testsuite> <!-- com.crm.qa.testcases.FreeCrmTest -->
