<?xml version="1.0" encoding="UTF-8"?>
<!-- Generated by org.testng.reporters.JUnitReportReporter -->
<testsuite hostname="LAPTOP-QA2FEKA3" failures="0" tests="3" name="com.crm.qa.testcases.LoginPageTest" time="7.619" errors="0" timestamp="2023-07-19T09:41:13 IST" skipped="0">
  <testcase classname="com.crm.qa.testcases.LoginPageTest" name="loginPageTitleTest" time="0.306"/>
  <testcase classname="com.crm.qa.testcases.LoginPageTest" name="crmLogoImageTest" time="0.278"/>
  <testcase classname="com.crm.qa.testcases.LoginPageTest" name="loginTest" time="7.035"/>
</testsuite> <!-- com.crm.qa.testcases.LoginPageTest -->
