<?xml version="1.0" encoding="UTF-8"?>
<!-- Generated by org.testng.reporters.JUnitReportReporter -->
<testsuite hostname="LAPTOP-QA2FEKA3" failures="0" tests="3" name="com.crm.qa.testcases.SignupPageTest" time="7.565" errors="0" timestamp="2023-07-20T00:08:49 IST" skipped="0">
  <testcase classname="com.crm.qa.testcases.SignupPageTest" name="verifySignupButton" time="0.245"/>
  <testcase classname="com.crm.qa.testcases.SignupPageTest" name="verifyRegistrationPg" time="7.185"/>
  <testcase classname="com.crm.qa.testcases.SignupPageTest" name="termNconditionBox" time="0.135"/>
</testsuite> <!-- com.crm.qa.testcases.SignupPageTest -->
